# JRE version: OpenJDK Runtime Environment (8.0_242-b01) (build 1.8.0_242-release-1644-b01)
# Java VM: OpenJDK 64-Bit Server VM (25.242-b01 mixed mode windows-amd64 compressed oops)
Heap:
 PSYoungGen      total 133120K, used 24737K [0x00000000d5580000, 0x00000000df800000, 0x0000000100000000)
  eden space 116736K, 21% used [0x00000000d5580000,0x00000000d6da8680,0x00000000dc780000)
  from space 16384K, 0% used [0x00000000dc780000,0x00000000dc780000,0x00000000dd780000)
  to   space 15872K, 0% used [0x00000000dd780000,0x00000000dd780000,0x00000000de700000)
 ParOldGen       total 81408K, used 31657K [0x0000000080000000, 0x0000000084f80000, 0x00000000d5580000)
  object space 81408K, 38% used [0x0000000080000000,0x0000000081eea4d0,0x0000000084f80000)
 Metaspace       used 58201K, capacity 60304K, committed 60504K, reserved 1101824K
  class space    used 8035K, capacity 8498K, committed 8576K, reserved 1048576K
GC Heap History (10 events):
Event: 8.193 GC heap before
{Heap before GC invocations=14 (full 2):
 PSYoungGen      total 88576K, used 77312K [0x00000000d5580000, 0x00000000dda00000, 0x0000000100000000)
  eden space 77312K, 100% used [0x00000000d5580000,0x00000000da100000,0x00000000da100000)
  from space 11264K, 0% used [0x00000000da100000,0x00000000da100000,0x00000000dac00000)
  to   space 11776K, 0% used [0x00000000dce80000,0x00000000dce80000,0x00000000dda00000)
 ParOldGen       total 81408K, used 15213K [0x0000000080000000, 0x0000000084f80000, 0x00000000d5580000)
  object space 81408K, 18% used [0x0000000080000000,0x0000000080edb718,0x0000000084f80000)
 Metaspace       used 40833K, capacity 42198K, committed 42584K, reserved 1085440K
  class space    used 5570K, capacity 5893K, committed 6016K, reserved 1048576K
Event: 8.203 GC heap after
Heap after GC invocations=14 (full 2):
 PSYoungGen      total 105472K, used 9384K [0x00000000d5580000, 0x00000000dd800000, 0x0000000100000000)
  eden space 95744K, 0% used [0x00000000d5580000,0x00000000d5580000,0x00000000db300000)
  from space 9728K, 96% used [0x00000000dce80000,0x00000000dd7aa2a0,0x00000000dd800000)
  to   space 12288K, 0% used [0x00000000dc000000,0x00000000dc000000,0x00000000dcc00000)
 ParOldGen       total 81408K, used 15221K [0x0000000080000000, 0x0000000084f80000, 0x00000000d5580000)
  object space 81408K, 18% used [0x0000000080000000,0x0000000080edd718,0x0000000084f80000)
 Metaspace       used 40833K, capacity 42198K, committed 42584K, reserved 1085440K
  class space    used 5570K, capacity 5893K, committed 6016K, reserved 1048576K
}
Event: 9.558 GC heap before
{Heap before GC invocations=15 (full 2):
 PSYoungGen      total 105472K, used 105128K [0x00000000d5580000, 0x00000000dd800000, 0x0000000100000000)
  eden space 95744K, 100% used [0x00000000d5580000,0x00000000db300000,0x00000000db300000)
  from space 9728K, 96% used [0x00000000dce80000,0x00000000dd7aa2a0,0x00000000dd800000)
  to   space 12288K, 0% used [0x00000000dc000000,0x00000000dc000000,0x00000000dcc00000)
 ParOldGen       total 81408K, used 15221K [0x0000000080000000, 0x0000000084f80000, 0x00000000d5580000)
  object space 81408K, 18% used [0x0000000080000000,0x0000000080edd718,0x0000000084f80000)
 Metaspace       used 49555K, capacity 51146K, committed 51288K, reserved 1093632K
  class space    used 6625K, capacity 6987K, committed 7040K, reserved 1048576K
Event: 9.577 GC heap after
Heap after GC invocations=15 (full 2):
 PSYoungGen      total 121344K, used 12275K [0x00000000d5580000, 0x00000000de700000, 0x0000000100000000)
  eden space 109056K, 0% used [0x00000000d5580000,0x00000000d5580000,0x00000000dc000000)
  from space 12288K, 99% used [0x00000000dc000000,0x00000000dcbfccf0,0x00000000dcc00000)
  to   space 15872K, 0% used [0x00000000dd780000,0x00000000dd780000,0x00000000de700000)
 ParOldGen       total 81408K, used 19528K [0x0000000080000000, 0x0000000084f80000, 0x00000000d5580000)
  object space 81408K, 23% used [0x0000000080000000,0x0000000081312188,0x0000000084f80000)
 Metaspace       used 49555K, capacity 51146K, committed 51288K, reserved 1093632K
  class space    used 6625K, capacity 6987K, committed 7040K, reserved 1048576K
}
Event: 10.802 GC heap before
{Heap before GC invocations=16 (full 2):
 PSYoungGen      total 121344K, used 121331K [0x00000000d5580000, 0x00000000de700000, 0x0000000100000000)
  eden space 109056K, 100% used [0x00000000d5580000,0x00000000dc000000,0x00000000dc000000)
  from space 12288K, 99% used [0x00000000dc000000,0x00000000dcbfccf0,0x00000000dcc00000)
  to   space 15872K, 0% used [0x00000000dd780000,0x00000000dd780000,0x00000000de700000)
 ParOldGen       total 81408K, used 19528K [0x0000000080000000, 0x0000000084f80000, 0x00000000d5580000)
  object space 81408K, 23% used [0x0000000080000000,0x0000000081312188,0x0000000084f80000)
 Metaspace       used 55692K, capacity 57742K, committed 58072K, reserved 1099776K
  class space    used 7609K, capacity 8073K, committed 8192K, reserved 1048576K
Event: 10.829 GC heap after
Heap after GC invocations=16 (full 2):
 PSYoungGen      total 132608K, used 11566K [0x00000000d5580000, 0x00000000df800000, 0x0000000100000000)
  eden space 116736K, 0% used [0x00000000d5580000,0x00000000d5580000,0x00000000dc780000)
  from space 15872K, 72% used [0x00000000dd780000,0x00000000de2cb9f0,0x00000000de700000)
  to   space 16384K, 0% used [0x00000000dc780000,0x00000000dc780000,0x00000000dd780000)
 ParOldGen       total 81408K, used 30427K [0x0000000080000000, 0x0000000084f80000, 0x00000000d5580000)
  object space 81408K, 37% used [0x0000000080000000,0x0000000081db6f28,0x0000000084f80000)
 Metaspace       used 55692K, capacity 57742K, committed 58072K, reserved 1099776K
  class space    used 7609K, capacity 8073K, committed 8192K, reserved 1048576K
}
Event: 10.975 GC heap before
{Heap before GC invocations=17 (full 2):
 PSYoungGen      total 132608K, used 27302K [0x00000000d5580000, 0x00000000df800000, 0x0000000100000000)
  eden space 116736K, 13% used [0x00000000d5580000,0x00000000d64de048,0x00000000dc780000)
  from space 15872K, 72% used [0x00000000dd780000,0x00000000de2cb9f0,0x00000000de700000)
  to   space 16384K, 0% used [0x00000000dc780000,0x00000000dc780000,0x00000000dd780000)
 ParOldGen       total 81408K, used 30427K [0x0000000080000000, 0x0000000084f80000, 0x00000000d5580000)
  object space 81408K, 37% used [0x0000000080000000,0x0000000081db6f28,0x0000000084f80000)
 Metaspace       used 56835K, capacity 58940K, committed 58968K, reserved 1099776K
  class space    used 7810K, capacity 8310K, committed 8320K, reserved 1048576K
Event: 10.989 GC heap after
Heap after GC invocations=17 (full 2):
 PSYoungGen      total 133120K, used 8277K [0x00000000d5580000, 0x00000000df800000, 0x0000000100000000)
  eden space 116736K, 0% used [0x00000000d5580000,0x00000000d5580000,0x00000000dc780000)
  from space 16384K, 50% used [0x00000000dc780000,0x00000000dcf95500,0x00000000dd780000)
  to   space 15872K, 0% used [0x00000000dd780000,0x00000000dd780000,0x00000000de700000)
 ParOldGen       total 81408K, used 30435K [0x0000000080000000, 0x0000000084f80000, 0x00000000d5580000)
  object space 81408K, 37% used [0x0000000080000000,0x0000000081db8f28,0x0000000084f80000)
 Metaspace       used 56835K, capacity 58940K, committed 58968K, reserved 1099776K
  class space    used 7810K, capacity 8310K, committed 8320K, reserved 1048576K
}
Event: 10.989 GC heap before
{Heap before GC invocations=18 (full 3):
 PSYoungGen      total 133120K, used 8277K [0x00000000d5580000, 0x00000000df800000, 0x0000000100000000)
  eden space 116736K, 0% used [0x00000000d5580000,0x00000000d5580000,0x00000000dc780000)
  from space 16384K, 50% used [0x00000000dc780000,0x00000000dcf95500,0x00000000dd780000)
  to   space 15872K, 0% used [0x00000000dd780000,0x00000000dd780000,0x00000000de700000)
 ParOldGen       total 81408K, used 30435K [0x0000000080000000, 0x0000000084f80000, 0x00000000d5580000)
  object space 81408K, 37% used [0x0000000080000000,0x0000000081db8f28,0x0000000084f80000)
 Metaspace       used 56835K, capacity 58940K, committed 58968K, reserved 1099776K
  class space    used 7810K, capacity 8310K, committed 8320K, reserved 1048576K
Event: 11.255 GC heap after
Heap after GC invocations=18 (full 3):
 PSYoungGen      total 133120K, used 0K [0x00000000d5580000, 0x00000000df800000, 0x0000000100000000)
  eden space 116736K, 0% used [0x00000000d5580000,0x00000000d5580000,0x00000000dc780000)
  from space 16384K, 0% used [0x00000000dc780000,0x00000000dc780000,0x00000000dd780000)
  to   space 15872K, 0% used [0x00000000dd780000,0x00000000dd780000,0x00000000de700000)
 ParOldGen       total 81408K, used 31657K [0x0000000080000000, 0x0000000084f80000, 0x00000000d5580000)
  object space 81408K, 38% used [0x0000000080000000,0x0000000081eea4d0,0x0000000084f80000)
 Metaspace       used 56827K, capacity 58910K, committed 58968K, reserved 1099776K
  class space    used 7807K, capacity 8305K, committed 8320K, reserved 1048576K
}

