# JRE version: OpenJDK Runtime Environment (8.0_242-b01) (build 1.8.0_242-release-1644-b01)
# Java VM: OpenJDK 64-Bit Server VM (25.242-b01 mixed mode windows-amd64 compressed oops)
Heap:
 PSYoungGen      total 564224K, used 297650K [0x00000000d5580000, 0x00000000fc780000, 0x0000000100000000)
  eden space 514048K, 57% used [0x00000000d5580000,0x00000000e782cb98,0x00000000f4b80000)
  from space 50176K, 0% used [0x00000000f8180000,0x00000000f8180000,0x00000000fb280000)
  to   space 55296K, 0% used [0x00000000f4b80000,0x00000000f4b80000,0x00000000f8180000)
 ParOldGen       total 142336K, used 106503K [0x0000000080000000, 0x0000000088b00000, 0x00000000d5580000)
  object space 142336K, 74% used [0x0000000080000000,0x0000000086801f88,0x0000000088b00000)
 Metaspace       used 90384K, capacity 94830K, committed 95016K, reserved 1132544K
  class space    used 11868K, capacity 12745K, committed 12848K, reserved 1048576K
GC Heap History (10 events):
Event: 10.920 GC heap before
{Heap before GC invocations=12 (full 3):
 PSYoungGen      total 390656K, used 19675K [0x00000000d5580000, 0x00000000f5700000, 0x0000000100000000)
  eden space 366592K, 0% used [0x00000000d5580000,0x00000000d5580000,0x00000000ebb80000)
  from space 24064K, 81% used [0x00000000ebb80000,0x00000000eceb6f68,0x00000000ed300000)
  to   space 26112K, 0% used [0x00000000f3d80000,0x00000000f3d80000,0x00000000f5700000)
 ParOldGen       total 84480K, used 31060K [0x0000000080000000, 0x0000000085280000, 0x00000000d5580000)
  object space 84480K, 36% used [0x0000000080000000,0x0000000081e55058,0x0000000085280000)
 Metaspace       used 57005K, capacity 59076K, committed 59160K, reserved 1099776K
  class space    used 7834K, capacity 8334K, committed 8368K, reserved 1048576K
Event: 11.273 GC heap after
Heap after GC invocations=12 (full 3):
 PSYoungGen      total 390656K, used 0K [0x00000000d5580000, 0x00000000f5700000, 0x0000000100000000)
  eden space 366592K, 0% used [0x00000000d5580000,0x00000000d5580000,0x00000000ebb80000)
  from space 24064K, 0% used [0x00000000ebb80000,0x00000000ebb80000,0x00000000ed300000)
  to   space 26112K, 0% used [0x00000000f3d80000,0x00000000f3d80000,0x00000000f5700000)
 ParOldGen       total 142336K, used 46514K [0x0000000080000000, 0x0000000088b00000, 0x00000000d5580000)
  object space 142336K, 32% used [0x0000000080000000,0x0000000082d6ca48,0x0000000088b00000)
 Metaspace       used 56993K, capacity 59034K, committed 59160K, reserved 1099776K
  class space    used 7830K, capacity 8327K, committed 8368K, reserved 1048576K
}
Event: 16.291 GC heap before
{Heap before GC invocations=13 (full 3):
 PSYoungGen      total 390656K, used 366592K [0x00000000d5580000, 0x00000000f5700000, 0x0000000100000000)
  eden space 366592K, 100% used [0x00000000d5580000,0x00000000ebb80000,0x00000000ebb80000)
  from space 24064K, 0% used [0x00000000ebb80000,0x00000000ebb80000,0x00000000ed300000)
  to   space 26112K, 0% used [0x00000000f3d80000,0x00000000f3d80000,0x00000000f5700000)
 ParOldGen       total 142336K, used 46514K [0x0000000080000000, 0x0000000088b00000, 0x00000000d5580000)
  object space 142336K, 32% used [0x0000000080000000,0x0000000082d6ca48,0x0000000088b00000)
 Metaspace       used 62689K, capacity 65480K, committed 65832K, reserved 1105920K
  class space    used 8578K, capacity 9146K, committed 9264K, reserved 1048576K
Event: 16.335 GC heap after
Heap after GC invocations=13 (full 3):
 PSYoungGen      total 468992K, used 26092K [0x00000000d5580000, 0x00000000f5700000, 0x0000000100000000)
  eden space 442880K, 0% used [0x00000000d5580000,0x00000000d5580000,0x00000000f0600000)
  from space 26112K, 99% used [0x00000000f3d80000,0x00000000f56fb3e8,0x00000000f5700000)
  to   space 30208K, 0% used [0x00000000f1c00000,0x00000000f1c00000,0x00000000f3980000)
 ParOldGen       total 142336K, used 46987K [0x0000000080000000, 0x0000000088b00000, 0x00000000d5580000)
  object space 142336K, 33% used [0x0000000080000000,0x0000000082de2fe8,0x0000000088b00000)
 Metaspace       used 62689K, capacity 65480K, committed 65832K, reserved 1105920K
  class space    used 8578K, capacity 9146K, committed 9264K, reserved 1048576K
}
Event: 175.871 GC heap before
{Heap before GC invocations=14 (full 3):
 PSYoungGen      total 468992K, used 468972K [0x00000000d5580000, 0x00000000f5700000, 0x0000000100000000)
  eden space 442880K, 100% used [0x00000000d5580000,0x00000000f0600000,0x00000000f0600000)
  from space 26112K, 99% used [0x00000000f3d80000,0x00000000f56fb3e8,0x00000000f5700000)
  to   space 30208K, 0% used [0x00000000f1c00000,0x00000000f1c00000,0x00000000f3980000)
 ParOldGen       total 142336K, used 46987K [0x0000000080000000, 0x0000000088b00000, 0x00000000d5580000)
  object space 142336K, 33% used [0x0000000080000000,0x0000000082de2fe8,0x0000000088b00000)
 Metaspace       used 76571K, capacity 79764K, committed 80040K, reserved 1118208K
  class space    used 10162K, capacity 10802K, committed 10928K, reserved 1048576K
Event: 175.973 GC heap after
Heap after GC invocations=14 (full 3):
 PSYoungGen      total 495616K, used 30202K [0x00000000d5580000, 0x00000000fb280000, 0x0000000100000000)
  eden space 465408K, 0% used [0x00000000d5580000,0x00000000d5580000,0x00000000f1c00000)
  from space 30208K, 99% used [0x00000000f1c00000,0x00000000f397ea28,0x00000000f3980000)
  to   space 50176K, 0% used [0x00000000f8180000,0x00000000f8180000,0x00000000fb280000)
 ParOldGen       total 142336K, used 89195K [0x0000000080000000, 0x0000000088b00000, 0x00000000d5580000)
  object space 142336K, 62% used [0x0000000080000000,0x000000008571ae38,0x0000000088b00000)
 Metaspace       used 76571K, capacity 79764K, committed 80040K, reserved 1118208K
  class space    used 10162K, capacity 10802K, committed 10928K, reserved 1048576K
}
Event: 494.994 GC heap before
{Heap before GC invocations=15 (full 3):
 PSYoungGen      total 495616K, used 495610K [0x00000000d5580000, 0x00000000fb280000, 0x0000000100000000)
  eden space 465408K, 100% used [0x00000000d5580000,0x00000000f1c00000,0x00000000f1c00000)
  from space 30208K, 99% used [0x00000000f1c00000,0x00000000f397ea28,0x00000000f3980000)
  to   space 50176K, 0% used [0x00000000f8180000,0x00000000f8180000,0x00000000fb280000)
 ParOldGen       total 142336K, used 89195K [0x0000000080000000, 0x0000000088b00000, 0x00000000d5580000)
  object space 142336K, 62% used [0x0000000080000000,0x000000008571ae38,0x0000000088b00000)
 Metaspace       used 89518K, capacity 93852K, committed 93992K, reserved 1130496K
  class space    used 11855K, capacity 12724K, committed 12848K, reserved 1048576K
Event: 495.083 GC heap after
Heap after GC invocations=15 (full 3):
 PSYoungGen      total 564224K, used 40508K [0x00000000d5580000, 0x00000000fc780000, 0x0000000100000000)
  eden space 514048K, 0% used [0x00000000d5580000,0x00000000d5580000,0x00000000f4b80000)
  from space 50176K, 80% used [0x00000000f8180000,0x00000000fa90f310,0x00000000fb280000)
  to   space 55296K, 0% used [0x00000000f4b80000,0x00000000f4b80000,0x00000000f8180000)
 ParOldGen       total 142336K, used 116855K [0x0000000080000000, 0x0000000088b00000, 0x00000000d5580000)
  object space 142336K, 82% used [0x0000000080000000,0x000000008721ddb8,0x0000000088b00000)
 Metaspace       used 89518K, capacity 93852K, committed 93992K, reserved 1130496K
  class space    used 11855K, capacity 12724K, committed 12848K, reserved 1048576K
}
Event: 495.083 GC heap before
{Heap before GC invocations=16 (full 4):
 PSYoungGen      total 564224K, used 40508K [0x00000000d5580000, 0x00000000fc780000, 0x0000000100000000)
  eden space 514048K, 0% used [0x00000000d5580000,0x00000000d5580000,0x00000000f4b80000)
  from space 50176K, 80% used [0x00000000f8180000,0x00000000fa90f310,0x00000000fb280000)
  to   space 55296K, 0% used [0x00000000f4b80000,0x00000000f4b80000,0x00000000f8180000)
 ParOldGen       total 142336K, used 116855K [0x0000000080000000, 0x0000000088b00000, 0x00000000d5580000)
  object space 142336K, 82% used [0x0000000080000000,0x000000008721ddb8,0x0000000088b00000)
 Metaspace       used 89518K, capacity 93852K, committed 93992K, reserved 1130496K
  class space    used 11855K, capacity 12724K, committed 12848K, reserved 1048576K
Event: 495.514 GC heap after
Heap after GC invocations=16 (full 4):
 PSYoungGen      total 564224K, used 0K [0x00000000d5580000, 0x00000000fc780000, 0x0000000100000000)
  eden space 514048K, 0% used [0x00000000d5580000,0x00000000d5580000,0x00000000f4b80000)
  from space 50176K, 0% used [0x00000000f8180000,0x00000000f8180000,0x00000000fb280000)
  to   space 55296K, 0% used [0x00000000f4b80000,0x00000000f4b80000,0x00000000f8180000)
 ParOldGen       total 142336K, used 106503K [0x0000000080000000, 0x0000000088b00000, 0x00000000d5580000)
  object space 142336K, 74% used [0x0000000080000000,0x0000000086801f88,0x0000000088b00000)
 Metaspace       used 89427K, capacity 93590K, committed 93992K, reserved 1130496K
  class space    used 11825K, capacity 12671K, committed 12848K, reserved 1048576K
}

