# JRE version: OpenJDK Runtime Environment (8.0_242-b01) (build 1.8.0_242-release-1644-b01)
# Java VM: OpenJDK 64-Bit Server VM (25.242-b01 mixed mode windows-amd64 compressed oops)
Heap:
 PSYoungGen      total 174080K, used 114995K [0x00000000d5580000, 0x00000000e5500000, 0x0000000100000000)
  eden space 161792K, 63% used [0x00000000d5580000,0x00000000db9cdd88,0x00000000df380000)
  from space 12288K, 99% used [0x00000000df380000,0x00000000dff7f050,0x00000000dff80000)
  to   space 16896K, 0% used [0x00000000e4480000,0x00000000e4480000,0x00000000e5500000)
 ParOldGen       total 49664K, used 20922K [0x0000000080000000, 0x0000000083080000, 0x00000000d5580000)
  object space 49664K, 42% used [0x0000000080000000,0x000000008146e8c8,0x0000000083080000)
 Metaspace       used 53979K, capacity 56014K, committed 56152K, reserved 1097728K
  class space    used 7338K, capacity 7791K, committed 7808K, reserved 1048576K
GC Heap History (10 events):
Event: 4.022 GC heap before
{Heap before GC invocations=9 (full 1):
 PSYoungGen      total 73728K, used 62464K [0x00000000d5580000, 0x00000000de480000, 0x0000000100000000)
  eden space 62464K, 100% used [0x00000000d5580000,0x00000000d9280000,0x00000000d9280000)
  from space 11264K, 0% used [0x00000000d9280000,0x00000000d9280000,0x00000000d9d80000)
  to   space 10752K, 0% used [0x00000000dda00000,0x00000000dda00000,0x00000000de480000)
 ParOldGen       total 49664K, used 7453K [0x0000000080000000, 0x0000000083080000, 0x00000000d5580000)
  object space 49664K, 15% used [0x0000000080000000,0x0000000080747738,0x0000000083080000)
 Metaspace       used 27865K, capacity 28586K, committed 28672K, reserved 1073152K
  class space    used 3845K, capacity 4063K, committed 4096K, reserved 1048576K
Event: 4.029 GC heap after
Heap after GC invocations=9 (full 1):
 PSYoungGen      total 118784K, used 7579K [0x00000000d5580000, 0x00000000de180000, 0x0000000100000000)
  eden space 111104K, 0% used [0x00000000d5580000,0x00000000d5580000,0x00000000dc200000)
  from space 7680K, 98% used [0x00000000dda00000,0x00000000de166ef0,0x00000000de180000)
  to   space 10752K, 0% used [0x00000000dcc80000,0x00000000dcc80000,0x00000000dd700000)
 ParOldGen       total 49664K, used 7461K [0x0000000080000000, 0x0000000083080000, 0x00000000d5580000)
  object space 49664K, 15% used [0x0000000080000000,0x0000000080749738,0x0000000083080000)
 Metaspace       used 27865K, capacity 28586K, committed 28672K, reserved 1073152K
  class space    used 3845K, capacity 4063K, committed 4096K, reserved 1048576K
}
Event: 4.969 GC heap before
{Heap before GC invocations=10 (full 1):
 PSYoungGen      total 118784K, used 118683K [0x00000000d5580000, 0x00000000de180000, 0x0000000100000000)
  eden space 111104K, 100% used [0x00000000d5580000,0x00000000dc200000,0x00000000dc200000)
  from space 7680K, 98% used [0x00000000dda00000,0x00000000de166ef0,0x00000000de180000)
  to   space 10752K, 0% used [0x00000000dcc80000,0x00000000dcc80000,0x00000000dd700000)
 ParOldGen       total 49664K, used 7461K [0x0000000080000000, 0x0000000083080000, 0x00000000d5580000)
  object space 49664K, 15% used [0x0000000080000000,0x0000000080749738,0x0000000083080000)
 Metaspace       used 34155K, capacity 35080K, committed 35200K, reserved 1079296K
  class space    used 4687K, capacity 4935K, committed 4992K, reserved 1048576K
Event: 4.989 GC heap after
Heap after GC invocations=10 (full 1):
 PSYoungGen      total 132608K, used 10721K [0x00000000d5580000, 0x00000000e0b80000, 0x0000000100000000)
  eden space 121856K, 0% used [0x00000000d5580000,0x00000000d5580000,0x00000000dcc80000)
  from space 10752K, 99% used [0x00000000dcc80000,0x00000000dd6f8600,0x00000000dd700000)
  to   space 12288K, 0% used [0x00000000dff80000,0x00000000dff80000,0x00000000e0b80000)
 ParOldGen       total 49664K, used 8094K [0x0000000080000000, 0x0000000083080000, 0x00000000d5580000)
  object space 49664K, 16% used [0x0000000080000000,0x00000000807e7bf0,0x0000000083080000)
 Metaspace       used 34155K, capacity 35080K, committed 35200K, reserved 1079296K
  class space    used 4687K, capacity 4935K, committed 4992K, reserved 1048576K
}
Event: 5.048 GC heap before
{Heap before GC invocations=11 (full 1):
 PSYoungGen      total 132608K, used 17723K [0x00000000d5580000, 0x00000000e0b80000, 0x0000000100000000)
  eden space 121856K, 5% used [0x00000000d5580000,0x00000000d5c56900,0x00000000dcc80000)
  from space 10752K, 99% used [0x00000000dcc80000,0x00000000dd6f8600,0x00000000dd700000)
  to   space 12288K, 0% used [0x00000000dff80000,0x00000000dff80000,0x00000000e0b80000)
 ParOldGen       total 49664K, used 8094K [0x0000000080000000, 0x0000000083080000, 0x00000000d5580000)
  object space 49664K, 16% used [0x0000000080000000,0x00000000807e7bf0,0x0000000083080000)
 Metaspace       used 34476K, capacity 35394K, committed 35416K, reserved 1079296K
  class space    used 4730K, capacity 4972K, committed 4992K, reserved 1048576K
Event: 5.058 GC heap after
Heap after GC invocations=11 (full 1):
 PSYoungGen      total 174080K, used 3824K [0x00000000d5580000, 0x00000000e2180000, 0x0000000100000000)
  eden space 161792K, 0% used [0x00000000d5580000,0x00000000d5580000,0x00000000df380000)
  from space 12288K, 31% used [0x00000000dff80000,0x00000000e033c010,0x00000000e0b80000)
  to   space 12288K, 0% used [0x00000000df380000,0x00000000df380000,0x00000000dff80000)
 ParOldGen       total 49664K, used 11000K [0x0000000080000000, 0x0000000083080000, 0x00000000d5580000)
  object space 49664K, 22% used [0x0000000080000000,0x0000000080abe340,0x0000000083080000)
 Metaspace       used 34476K, capacity 35394K, committed 35416K, reserved 1079296K
  class space    used 4730K, capacity 4972K, committed 4992K, reserved 1048576K
}
Event: 5.058 GC heap before
{Heap before GC invocations=12 (full 2):
 PSYoungGen      total 174080K, used 3824K [0x00000000d5580000, 0x00000000e2180000, 0x0000000100000000)
  eden space 161792K, 0% used [0x00000000d5580000,0x00000000d5580000,0x00000000df380000)
  from space 12288K, 31% used [0x00000000dff80000,0x00000000e033c010,0x00000000e0b80000)
  to   space 12288K, 0% used [0x00000000df380000,0x00000000df380000,0x00000000dff80000)
 ParOldGen       total 49664K, used 11000K [0x0000000080000000, 0x0000000083080000, 0x00000000d5580000)
  object space 49664K, 22% used [0x0000000080000000,0x0000000080abe340,0x0000000083080000)
 Metaspace       used 34476K, capacity 35394K, committed 35416K, reserved 1079296K
  class space    used 4730K, capacity 4972K, committed 4992K, reserved 1048576K
Event: 5.120 GC heap after
Heap after GC invocations=12 (full 2):
 PSYoungGen      total 174080K, used 0K [0x00000000d5580000, 0x00000000e2180000, 0x0000000100000000)
  eden space 161792K, 0% used [0x00000000d5580000,0x00000000d5580000,0x00000000df380000)
  from space 12288K, 0% used [0x00000000dff80000,0x00000000dff80000,0x00000000e0b80000)
  to   space 12288K, 0% used [0x00000000df380000,0x00000000df380000,0x00000000dff80000)
 ParOldGen       total 49664K, used 13782K [0x0000000080000000, 0x0000000083080000, 0x00000000d5580000)
  object space 49664K, 27% used [0x0000000080000000,0x0000000080d75a08,0x0000000083080000)
 Metaspace       used 34476K, capacity 35394K, committed 35416K, reserved 1079296K
  class space    used 4730K, capacity 4972K, committed 4992K, reserved 1048576K
}
Event: 7.344 GC heap before
{Heap before GC invocations=13 (full 2):
 PSYoungGen      total 174080K, used 161792K [0x00000000d5580000, 0x00000000e2180000, 0x0000000100000000)
  eden space 161792K, 100% used [0x00000000d5580000,0x00000000df380000,0x00000000df380000)
  from space 12288K, 0% used [0x00000000dff80000,0x00000000dff80000,0x00000000e0b80000)
  to   space 12288K, 0% used [0x00000000df380000,0x00000000df380000,0x00000000dff80000)
 ParOldGen       total 49664K, used 13782K [0x0000000080000000, 0x0000000083080000, 0x00000000d5580000)
  object space 49664K, 27% used [0x0000000080000000,0x0000000080d75a08,0x0000000083080000)
 Metaspace       used 47617K, capacity 49140K, committed 49240K, reserved 1091584K
  class space    used 6399K, capacity 6768K, committed 6784K, reserved 1048576K
Event: 7.364 GC heap after
Heap after GC invocations=13 (full 2):
 PSYoungGen      total 174080K, used 12284K [0x00000000d5580000, 0x00000000e5500000, 0x0000000100000000)
  eden space 161792K, 0% used [0x00000000d5580000,0x00000000d5580000,0x00000000df380000)
  from space 12288K, 99% used [0x00000000df380000,0x00000000dff7f050,0x00000000dff80000)
  to   space 16896K, 0% used [0x00000000e4480000,0x00000000e4480000,0x00000000e5500000)
 ParOldGen       total 49664K, used 20922K [0x0000000080000000, 0x0000000083080000, 0x00000000d5580000)
  object space 49664K, 42% used [0x0000000080000000,0x000000008146e8c8,0x0000000083080000)
 Metaspace       used 47617K, capacity 49140K, committed 49240K, reserved 1091584K
  class space    used 6399K, capacity 6768K, committed 6784K, reserved 1048576K
}

